"../../../Engine/Content/EngineMaterials/T_Default_Material_Grid_N.uasset" 0
"../../../Engine/Content/EngineMaterials/T_Default_Material_Grid_N.uexp" 1
"../../../Engine/Content/EngineMaterials/T_Default_Material_Grid_N.ubulk" 2
"../../../Engine/Content/EngineMaterials/T_Default_Material_Grid_M.uasset" 3
"../../../Engine/Content/EngineMaterials/T_Default_Material_Grid_M.uexp" 4
"../../../Engine/Content/EngineMaterials/T_Default_Material_Grid_M.ubulk" 5
"../../../Engine/Content/Functions/Engine_MaterialFunctions01/Opacity/CameraDepthFade.uasset" 6
"../../../Engine/Content/Functions/Engine_MaterialFunctions01/Opacity/CameraDepthFade.uexp" 7
"../../../Engine/Content/EngineMaterials/WorldGridMaterial.uasset" 8
"../../../Engine/Content/EngineMaterials/WorldGridMaterial.uexp" 9
"../../../Engine/Content/ArtTools/RenderToTexture/Meshes/S_1_Unit_Plane.uasset" 10
"../../../Engine/Content/ArtTools/RenderToTexture/Meshes/S_1_Unit_Plane.uexp" 11
"../../../Engine/Content/EngineMaterials/DefaultMaterial.uasset" 12
"../../../Engine/Content/EngineMaterials/DefaultMaterial.uexp" 13
"../../../Engine/Content/BasicShapes/Cone.uasset" 14
"../../../Engine/Content/BasicShapes/Cone.uexp" 15
"../../../Engine/Content/BasicShapes/Cube.uasset" 16
"../../../Engine/Content/BasicShapes/Cube.uexp" 17
"../../../Engine/Content/BasicShapes/Sphere.uasset" 18
"../../../Engine/Content/BasicShapes/Sphere.uexp" 19
"../../../Engine/Content/EditorLandscapeResources/DataLayer.uasset" 20
"../../../Engine/Content/EditorLandscapeResources/DataLayer.uexp" 21
"../../../Engine/Content/EditorLandscapeResources/DefaultAlphaTexture.uasset" 22
"../../../Engine/Content/EditorLandscapeResources/DefaultAlphaTexture.uexp" 23
"../../../Engine/Content/EditorMaterials/MAT_Groups_Toggle.uasset" 24
"../../../Engine/Content/EditorMaterials/MAT_Groups_Toggle.uexp" 25
"../../../Engine/Content/EditorMaterials/MAT_Groups_Visibility.uasset" 26
"../../../Engine/Content/EditorMaterials/MAT_Groups_Visibility.uexp" 27
"../../../Engine/Content/EditorMaterials/PreviewShadowIndicator.uasset" 28
"../../../Engine/Content/EditorMaterials/PreviewShadowIndicator.uexp" 29
"../../../Engine/Content/EditorMaterials/PreviewShadowIndicator.ubulk" 30
"../../../Engine/Content/EditorMaterials/PreviewShadowIndicatorMaterial.uasset" 31
"../../../Engine/Content/EditorMaterials/PreviewShadowIndicatorMaterial.uexp" 32
"../../../Engine/Content/EditorMaterials/MatineeGroups/MAT_ColorTrack.uasset" 33
"../../../Engine/Content/EditorMaterials/MatineeGroups/MAT_ColorTrack.uexp" 34
"../../../Engine/Content/EditorMaterials/MatineeGroups/MAT_Groups_Anim.uasset" 35
"../../../Engine/Content/EditorMaterials/MatineeGroups/MAT_Groups_Anim.uexp" 36
"../../../Engine/Content/EditorMaterials/MatineeGroups/MAT_Groups_AudioMaster.uasset" 37
"../../../Engine/Content/EditorMaterials/MatineeGroups/MAT_Groups_AudioMaster.uexp" 38
"../../../Engine/Content/EditorMaterials/MatineeGroups/MAT_Groups_Director.uasset" 39
"../../../Engine/Content/EditorMaterials/MatineeGroups/MAT_Groups_Director.uexp" 40
"../../../Engine/Content/EditorMaterials/MatineeGroups/MAT_Groups_Event.uasset" 41
"../../../Engine/Content/EditorMaterials/MatineeGroups/MAT_Groups_Event.uexp" 42
"../../../Engine/Content/EditorMaterials/MatineeGroups/MAT_Groups_Fade.uasset" 43
"../../../Engine/Content/EditorMaterials/MatineeGroups/MAT_Groups_Fade.uexp" 44
"../../../Engine/Content/EditorMaterials/MatineeGroups/MAT_Groups_Float.uasset" 45
"../../../Engine/Content/EditorMaterials/MatineeGroups/MAT_Groups_Float.uexp" 46
"../../../Engine/Content/EditorMaterials/MatineeGroups/MAT_Groups_Move.uasset" 47
"../../../Engine/Content/EditorMaterials/MatineeGroups/MAT_Groups_Move.uexp" 48
"../../../Engine/Content/EditorMaterials/MatineeGroups/MAT_Groups_Slomo.uasset" 49
"../../../Engine/Content/EditorMaterials/MatineeGroups/MAT_Groups_Slomo.uexp" 50
"../../../Engine/Content/EditorMaterials/MatineeGroups/MAT_Groups_Sound.uasset" 51
"../../../Engine/Content/EditorMaterials/MatineeGroups/MAT_Groups_Sound.uexp" 52
"../../../Engine/Content/EditorMaterials/MatineeGroups/MAT_Groups_Vector.uasset" 53
"../../../Engine/Content/EditorMaterials/MatineeGroups/MAT_Groups_Vector.uexp" 54
"../../../Engine/Content/EditorMaterials/ParticleSystems/PSysThumbnail_NoImage.uasset" 55
"../../../Engine/Content/EditorMaterials/ParticleSystems/PSysThumbnail_NoImage.uexp" 56
"../../../Engine/Content/EditorMaterials/ParticleSystems/PSysThumbnail_NoImage.ubulk" 57
"../../../Engine/Content/EditorMaterials/ParticleSystems/PSysThumbnail_OOD.uasset" 58
"../../../Engine/Content/EditorMaterials/ParticleSystems/PSysThumbnail_OOD.uexp" 59
"../../../Engine/Content/EditorMaterials/ParticleSystems/PSysThumbnail_OOD.ubulk" 60
"../../../Engine/Content/EditorMaterials/Camera/CineMat.uasset" 61
"../../../Engine/Content/EditorMaterials/Camera/CineMat.uexp" 62
"../../../Engine/Content/EditorMaterials/Camera/MI_CineMat_Rig.uasset" 63
"../../../Engine/Content/EditorMaterials/Camera/MI_CineMat_Rig.uexp" 64
"../../../Engine/Content/EditorMeshes/Camera/SM_CraneRig_Arm.uasset" 65
"../../../Engine/Content/EditorMeshes/Camera/SM_CraneRig_Arm.uexp" 66
"../../../Engine/Content/EditorMeshes/Camera/SM_CraneRig_Base.uasset" 67
"../../../Engine/Content/EditorMeshes/Camera/SM_CraneRig_Base.uexp" 68
"../../../Engine/Content/EditorMeshes/Camera/SM_CraneRig_Body.uasset" 69
"../../../Engine/Content/EditorMeshes/Camera/SM_CraneRig_Body.uexp" 70
"../../../Engine/Content/EditorMeshes/Camera/SM_CraneRig_Mount.uasset" 71
"../../../Engine/Content/EditorMeshes/Camera/SM_CraneRig_Mount.uexp" 72
"../../../Engine/Content/EditorMeshes/Camera/SM_RailRig_Mount.uasset" 73
"../../../Engine/Content/EditorMeshes/Camera/SM_RailRig_Mount.uexp" 74
"../../../Engine/Content/EditorMeshes/Camera/SM_RailRig_Track.uasset" 75
"../../../Engine/Content/EditorMeshes/Camera/SM_RailRig_Track.uexp" 76
"../../../Engine/Content/EditorResources/BSPVertex.uasset" 77
"../../../Engine/Content/EditorResources/BSPVertex.uexp" 78
"../../../Engine/Content/EditorResources/EmptyActor.uasset" 79
"../../../Engine/Content/EditorResources/EmptyActor.uexp" 80
"../../../Engine/Content/EditorResources/S_Actor.uasset" 81
"../../../Engine/Content/EditorResources/S_Actor.uexp" 82
"../../../Engine/Content/EditorResources/S_Actor.ubulk" 83
"../../../Engine/Content/EditorResources/S_Note.uasset" 84
"../../../Engine/Content/EditorResources/S_Note.uexp" 85
"../../../Engine/Content/EditorResources/S_Note.ubulk" 86
"../../../Engine/Content/EditorResources/S_Solver.uasset" 87
"../../../Engine/Content/EditorResources/S_Solver.uexp" 88
"../../../Engine/Content/EditorResources/S_Solver.ubulk" 89
"../../../Engine/Content/EditorResources/S_Terrain.uasset" 90
"../../../Engine/Content/EditorResources/S_Terrain.uexp" 91
"../../../Engine/Content/EditorResources/S_Terrain.ubulk" 92
"../../../Engine/Content/EditorResources/S_Trigger.uasset" 93
"../../../Engine/Content/EditorResources/S_Trigger.uexp" 94
"../../../Engine/Content/EditorResources/S_Trigger.ubulk" 95
"../../../Engine/Content/EditorResources/LightIcons/S_LightError.uasset" 96
"../../../Engine/Content/EditorResources/LightIcons/S_LightError.uexp" 97
"../../../Engine/Content/EditorResources/SequenceRecorder/Countdown.uasset" 98
"../../../Engine/Content/EditorResources/SequenceRecorder/Countdown.uexp" 99
"../../../Engine/Content/EditorResources/SequenceRecorder/RecordingIndicator.uasset" 100
"../../../Engine/Content/EditorResources/SequenceRecorder/RecordingIndicator.uexp" 101
"../../../Engine/Content/EngineDamageTypes/DmgTypeBP_Environmental.uasset" 102
"../../../Engine/Content/EngineDamageTypes/DmgTypeBP_Environmental.uexp" 103
"../../../Engine/Content/EngineDebugMaterials/DebugEditorMaterial.uasset" 104
"../../../Engine/Content/EngineDebugMaterials/DebugEditorMaterial.uexp" 105
"../../../Engine/Content/EngineDebugMaterials/DebugMeshMaterial.uasset" 106
"../../../Engine/Content/EngineDebugMaterials/DebugMeshMaterial.uexp" 107
"../../../Engine/Content/EngineDebugMaterials/M_SimpleUnlitTranslucent.uasset" 108
"../../../Engine/Content/EngineDebugMaterials/M_SimpleUnlitTranslucent.uexp" 109
"../../../Engine/Content/EngineDebugMaterials/VolumeToRender.uasset" 110
"../../../Engine/Content/EngineDebugMaterials/VolumeToRender.uexp" 111
"../../../Engine/Content/Functions/Engine_MaterialFunctions02/Utility/CameraDirectionVector.uasset" 112
"../../../Engine/Content/Functions/Engine_MaterialFunctions02/Utility/CameraDirectionVector.uexp" 113
"../../../Engine/Content/EngineDebugMaterials/M_VolumeRenderSphereTracePP.uasset" 114
"../../../Engine/Content/EngineDebugMaterials/M_VolumeRenderSphereTracePP.uexp" 115
"../../../Engine/Content/Functions/Engine_MaterialFunctions01/Shading/ConvertFromDiffSpec.uasset" 116
"../../../Engine/Content/Functions/Engine_MaterialFunctions01/Shading/ConvertFromDiffSpec.uexp" 117
"../../../Engine/Content/EngineDebugMaterials/VertexColorMaterial.uasset" 118
"../../../Engine/Content/EngineDebugMaterials/VertexColorMaterial.uexp" 119
"../../../Engine/Content/EngineDebugMaterials/WireframeMaterial.uasset" 120
"../../../Engine/Content/EngineDebugMaterials/WireframeMaterial.uexp" 121
"../../../Engine/Content/EngineMaterials/BaseFlattenNormalMap.uasset" 122
"../../../Engine/Content/EngineMaterials/BaseFlattenNormalMap.uexp" 123
"../../../Engine/Content/EngineMaterials/BaseFlattenGrayscaleMap.uasset" 124
"../../../Engine/Content/EngineMaterials/BaseFlattenGrayscaleMap.uexp" 125
"../../../Engine/Content/EngineMaterials/BaseFlattenEmissiveMap.uasset" 126
"../../../Engine/Content/EngineMaterials/BaseFlattenEmissiveMap.uexp" 127
"../../../Engine/Content/EngineMaterials/BaseFlattenDiffuseMap.uasset" 128
"../../../Engine/Content/EngineMaterials/BaseFlattenDiffuseMap.uexp" 129
"../../../Engine/Content/EngineMaterials/BaseFlattenMaterial.uasset" 130
"../../../Engine/Content/EngineMaterials/BaseFlattenMaterial.uexp" 131
"../../../Engine/Content/EngineMaterials/BlueNoise.uasset" 132
"../../../Engine/Content/EngineMaterials/BlueNoise.uexp" 133
"../../../Engine/Content/EngineMaterials/DefaultBloomKernel.uasset" 134
"../../../Engine/Content/EngineMaterials/DefaultBloomKernel.uexp" 135
"../../../Engine/Content/EngineMaterials/DefaultBokeh.uasset" 136
"../../../Engine/Content/EngineMaterials/DefaultBokeh.uexp" 137
"../../../Engine/Content/EngineMaterials/DefaultDiffuse.uasset" 138
"../../../Engine/Content/EngineMaterials/DefaultDiffuse.uexp" 139
"../../../Engine/Content/EngineMaterials/DefaultDiffuse.ubulk" 140
"../../../Engine/Content/EngineMaterials/DefaultDeferredDecalMaterial.uasset" 141
"../../../Engine/Content/EngineMaterials/DefaultDeferredDecalMaterial.uexp" 142
"../../../Engine/Content/EngineMaterials/DefaultLightFunctionMaterial.uasset" 143
"../../../Engine/Content/EngineMaterials/DefaultLightFunctionMaterial.uexp" 144
"../../../Engine/Content/EngineMaterials/DefaultPhysicalMaterial.uasset" 145
"../../../Engine/Content/EngineMaterials/DefaultPhysicalMaterial.uexp" 146
"../../../Engine/Content/Functions/Engine_MaterialFunctions02/Utility/BreakOutFloat2Components.uasset" 147
"../../../Engine/Content/Functions/Engine_MaterialFunctions02/Utility/BreakOutFloat2Components.uexp" 148
"../../../Engine/Content/EngineMaterials/DefaultPostProcessMaterial.uasset" 149
"../../../Engine/Content/EngineMaterials/DefaultPostProcessMaterial.uexp" 150
"../../../Engine/Content/EngineFonts/RobotoDistanceField.uasset" 151
"../../../Engine/Content/EngineFonts/RobotoDistanceField.uexp" 152
"../../../Engine/Content/EngineMaterials/DefaultTextMaterialOpaque.uasset" 153
"../../../Engine/Content/EngineMaterials/DefaultTextMaterialOpaque.uexp" 154
"../../../Engine/Content/EngineMaterials/DefaultWhiteGrid.uasset" 155
"../../../Engine/Content/EngineMaterials/DefaultWhiteGrid.uexp" 156
"../../../Engine/Content/EngineMaterials/DefaultWhiteGrid.ubulk" 157
"../../../Engine/Content/EngineMaterials/DefaultWhiteGrid_Low.uasset" 158
"../../../Engine/Content/EngineMaterials/DefaultWhiteGrid_Low.uexp" 159
"../../../Engine/Content/EngineMaterials/EmissiveMeshMaterial.uasset" 160
"../../../Engine/Content/EngineMaterials/EmissiveMeshMaterial.uexp" 161
"../../../Engine/Content/EngineMaterials/GizmoMaterial.uasset" 162
"../../../Engine/Content/EngineMaterials/GizmoMaterial.uexp" 163
"../../../Engine/Content/EngineMaterials/Good64x64TilingNoiseHighFreq.uasset" 164
"../../../Engine/Content/EngineMaterials/Good64x64TilingNoiseHighFreq.uexp" 165
"../../../Engine/Content/EngineMaterials/MiniFont.uasset" 166
"../../../Engine/Content/EngineMaterials/MiniFont.uexp" 167
"../../../Engine/Content/EngineMaterials/InvalidLightmapSettings.uasset" 168
"../../../Engine/Content/EngineMaterials/InvalidLightmapSettings.uexp" 169
"../../../Engine/Content/EngineMaterials/InvalidLightmapSettings.ubulk" 170
"../../../Engine/Content/EngineMaterials/M_InvalidLightmapSettings.uasset" 171
"../../../Engine/Content/EngineMaterials/M_InvalidLightmapSettings.uexp" 172
"../../../Engine/Content/Functions/Engine_MaterialFunctions02/WorldPositionOffset/CameraOffset.uasset" 173
"../../../Engine/Content/Functions/Engine_MaterialFunctions02/WorldPositionOffset/CameraOffset.uexp" 174
"../../../Engine/Content/EngineMaterials/PhAT_JointLimitMaterial.uasset" 175
"../../../Engine/Content/EngineMaterials/PhAT_JointLimitMaterial.uexp" 176
"../../../Engine/Content/EngineMaterials/DefaultCalibrationColor.uasset" 177
"../../../Engine/Content/EngineMaterials/DefaultCalibrationColor.uexp" 178
"../../../Engine/Content/EngineMaterials/PPM_DefaultCalibrationColor.uasset" 179
"../../../Engine/Content/EngineMaterials/PPM_DefaultCalibrationColor.uexp" 180
"../../../Engine/Content/EngineMaterials/DefaultCalibrationGrayscale.uasset" 181
"../../../Engine/Content/EngineMaterials/DefaultCalibrationGrayscale.uexp" 182
"../../../Engine/Content/EngineMaterials/PPM_DefaultCalibrationGrayscale.uasset" 183
"../../../Engine/Content/EngineMaterials/PPM_DefaultCalibrationGrayscale.uexp" 184
"../../../Engine/Content/EngineMaterials/PreintegratedSkinBRDF.uasset" 185
"../../../Engine/Content/EngineMaterials/PreintegratedSkinBRDF.uexp" 186
"../../../Engine/Content/EngineMaterials/RemoveSurfaceMaterial.uasset" 187
"../../../Engine/Content/EngineMaterials/RemoveSurfaceMaterial.uexp" 188
"../../../Engine/Content/EngineMaterials/WeightMapPlaceholderTexture.uasset" 189
"../../../Engine/Content/EngineMaterials/WeightMapPlaceholderTexture.uexp" 190
"../../../Engine/Content/EngineResources/WhiteSquareTexture.uasset" 191
"../../../Engine/Content/EngineResources/WhiteSquareTexture.uexp" 192
"../../../Engine/Content/EngineMaterials/Widget3DPassThrough.uasset" 193
"../../../Engine/Content/EngineMaterials/Widget3DPassThrough.uexp" 194
"../../../Engine/Content/EngineMaterials/Widget3DPassThrough_Masked.uasset" 195
"../../../Engine/Content/EngineMaterials/Widget3DPassThrough_Masked.uexp" 196
"../../../Engine/Content/EngineMaterials/Widget3DPassThrough_Opaque.uasset" 197
"../../../Engine/Content/EngineMaterials/Widget3DPassThrough_Opaque.uexp" 198
"../../../Engine/Content/EngineMaterials/Widget3DPassThrough_Masked_OneSided.uasset" 199
"../../../Engine/Content/EngineMaterials/Widget3DPassThrough_Masked_OneSided.uexp" 200
"../../../Engine/Content/EngineMaterials/Widget3DPassThrough_Opaque_OneSided.uasset" 201
"../../../Engine/Content/EngineMaterials/Widget3DPassThrough_Opaque_OneSided.uexp" 202
"../../../Engine/Content/EngineMaterials/Widget3DPassThrough_Translucent.uasset" 203
"../../../Engine/Content/EngineMaterials/Widget3DPassThrough_Translucent.uexp" 204
"../../../Engine/Content/EngineMaterials/Widget3DPassThrough_Translucent_OneSided.uasset" 205
"../../../Engine/Content/EngineMaterials/Widget3DPassThrough_Translucent_OneSided.uexp" 206
"../../../Engine/Content/EngineMeshes/Cylinder.uasset" 207
"../../../Engine/Content/EngineMeshes/Cylinder.uexp" 208
"../../../Engine/Content/EngineMeshes/Sphere.uasset" 209
"../../../Engine/Content/EngineMeshes/Sphere.uexp" 210
"../../../Engine/Content/EngineResources/DefaultTextureCube.uasset" 211
"../../../Engine/Content/EngineResources/DefaultTextureCube.uexp" 212
"../../../Engine/Content/EngineResources/DefaultVolumeTexture2D.uasset" 213
"../../../Engine/Content/EngineResources/DefaultVolumeTexture2D.uexp" 214
"../../../Engine/Content/EngineResources/DefaultVolumeTexture.uasset" 215
"../../../Engine/Content/EngineResources/DefaultVolumeTexture.uexp" 216
"../../../Engine/Content/EngineResources/GradientTexture0.uasset" 217
"../../../Engine/Content/EngineResources/GradientTexture0.uexp" 218
"../../../Engine/Content/EngineSky/VolumetricClouds/T_NoiseShape64.uasset" 219
"../../../Engine/Content/EngineSky/VolumetricClouds/T_NoiseShape64.uexp" 220
"../../../Engine/Content/EngineSky/VolumetricClouds/T_NoiseShape64.ubulk" 221
"../../../Engine/Content/EngineSky/VolumetricClouds/T_VolumeNoiseShape64.uasset" 222
"../../../Engine/Content/EngineSky/VolumetricClouds/T_VolumeNoiseShape64.uexp" 223
"../../../Engine/Content/EngineSky/VolumetricClouds/T_NoiseErosion.uasset" 224
"../../../Engine/Content/EngineSky/VolumetricClouds/T_NoiseErosion.uexp" 225
"../../../Engine/Content/EngineSky/VolumetricClouds/T_NoiseErosion.ubulk" 226
"../../../Engine/Content/EngineSky/VolumetricClouds/T_VolumeNoiseErosion32.uasset" 227
"../../../Engine/Content/EngineSky/VolumetricClouds/T_VolumeNoiseErosion32.uexp" 228
"../../../Engine/Content/EngineSky/VolumetricClouds/CloudWeatherTexture.uasset" 229
"../../../Engine/Content/EngineSky/VolumetricClouds/CloudWeatherTexture.uexp" 230
"../../../Engine/Content/EngineSky/VolumetricClouds/CloudGradientTexture.uasset" 231
"../../../Engine/Content/EngineSky/VolumetricClouds/CloudGradientTexture.uexp" 232
"../../../Engine/Content/Functions/Engine_MaterialFunctions02/Utility/MakeFloat2.uasset" 233
"../../../Engine/Content/Functions/Engine_MaterialFunctions02/Utility/MakeFloat2.uexp" 234
"../../../Engine/Content/EngineSky/VolumetricClouds/m_SimpleVolumetricCloud.uasset" 235
"../../../Engine/Content/EngineSky/VolumetricClouds/m_SimpleVolumetricCloud.uexp" 236
"../../../Engine/Content/EngineSky/VolumetricClouds/m_SimpleVolumetricCloud_Inst.uasset" 237
"../../../Engine/Content/EngineSky/VolumetricClouds/m_SimpleVolumetricCloud_Inst.uexp" 238
"../../../Engine/Content/EngineSounds/Master.uasset" 239
"../../../Engine/Content/EngineSounds/Master.uexp" 240
"../../../Engine/Content/Functions/Engine_MaterialFunctions01/Shading/PowerToRoughness.uasset" 241
"../../../Engine/Content/Functions/Engine_MaterialFunctions01/Shading/PowerToRoughness.uexp" 242
"../../../Engine/Content/Maps/Templates/Thumbnails/Default.uasset" 243
"../../../Engine/Content/Maps/Templates/Thumbnails/Default.uexp" 244
"../../../Engine/Content/Maps/Templates/Thumbnails/TimeOfDay.uasset" 245
"../../../Engine/Content/Maps/Templates/Thumbnails/TimeOfDay.uexp" 246
"../../../Engine/Content/Maps/Templates/Thumbnails/VR-Basic.uasset" 247
"../../../Engine/Content/Maps/Templates/Thumbnails/VR-Basic.uexp" 248
"../../../Engine/Content/MobileResources/T_MobileControls_texture.uasset" 249
"../../../Engine/Content/MobileResources/T_MobileControls_texture.uexp" 250
"../../../Engine/Content/MobileResources/T_MobileMenu2.uasset" 251
"../../../Engine/Content/MobileResources/T_MobileMenu2.uexp" 252
"../../../Engine/Content/MobileResources/HUD/AnalogHat.uasset" 253
"../../../Engine/Content/MobileResources/HUD/AnalogHat.uexp" 254
"../../../Engine/Content/MobileResources/HUD/VirtualJoystick_Thumb.uasset" 255
"../../../Engine/Content/MobileResources/HUD/VirtualJoystick_Thumb.uexp" 256
"../../../Engine/Content/MobileResources/HUD/VirtualJoystick_Background.uasset" 257
"../../../Engine/Content/MobileResources/HUD/VirtualJoystick_Background.uexp" 258
"../../../Engine/Content/MobileResources/HUD/DefaultVirtualJoysticks.uasset" 259
"../../../Engine/Content/MobileResources/HUD/DefaultVirtualJoysticks.uexp" 260
"../../../Engine/Content/MobileResources/HUD/LeftVirtualJoystickOnly.uasset" 261
"../../../Engine/Content/MobileResources/HUD/LeftVirtualJoystickOnly.uexp" 262
"../../../Engine/Content/MobileResources/HUD/MobileHUDButton1_off.uasset" 263
"../../../Engine/Content/MobileResources/HUD/MobileHUDButton1_off.uexp" 264
"../../../Engine/Content/MobileResources/HUD/MobileHUDButton1_on.uasset" 265
"../../../Engine/Content/MobileResources/HUD/MobileHUDButton1_on.uexp" 266
"../../../Engine/Content/MobileResources/HUD/MobileHUDButton2_off.uasset" 267
"../../../Engine/Content/MobileResources/HUD/MobileHUDButton2_off.uexp" 268
"../../../Engine/Content/MobileResources/HUD/MobileHUDButton2_on.uasset" 269
"../../../Engine/Content/MobileResources/HUD/MobileHUDButton2_on.uexp" 270
"../../../Engine/Content/MobileResources/HUD/MobileHUDButton3.uasset" 271
"../../../Engine/Content/MobileResources/HUD/MobileHUDButton3.uexp" 272
"../../../Engine/Content/MobileResources/HUD/MobileHUDButtonFire.uasset" 273
"../../../Engine/Content/MobileResources/HUD/MobileHUDButtonFire.uexp" 274
"../../../Engine/Content/MobileResources/HUD/MobileHUDDirectionPad.uasset" 275
"../../../Engine/Content/MobileResources/HUD/MobileHUDDirectionPad.uexp" 276
"../../../Engine/Content/MobileResources/HUD/MobileHUDDirectionPad2.uasset" 277
"../../../Engine/Content/MobileResources/HUD/MobileHUDDirectionPad2.uexp" 278
"../../../Engine/Content/MobileResources/HUD/MobileHUDDirectionPad3.uasset" 279
"../../../Engine/Content/MobileResources/HUD/MobileHUDDirectionPad3.uexp" 280
"../../../Engine/Content/MobileResources/HUD/MobileHUDDirectionStick.uasset" 281
"../../../Engine/Content/MobileResources/HUD/MobileHUDDirectionStick.uexp" 282
"../../../Engine/Content/MobileResources/HUD/T_Castle_ThumbstickInner.uasset" 283
"../../../Engine/Content/MobileResources/HUD/T_Castle_ThumbstickInner.uexp" 284
"../../../Engine/Content/MobileResources/HUD/T_Castle_ThumbstickOutter.uasset" 285
"../../../Engine/Content/MobileResources/HUD/T_Castle_ThumbstickOutter.uexp" 286
"../../../Engine/Content/Tutorial/ContentIntroCurve.uasset" 287
"../../../Engine/Content/Tutorial/ContentIntroCurve.uexp" 288
"../../../Engine/Content/Tutorial/Basics/TutorialAssets/icon_tab_Levels_40x.uasset" 289
"../../../Engine/Content/Tutorial/Basics/TutorialAssets/icon_tab_Levels_40x.uexp" 290
"../../../Engine/Content/Tutorial/BlueprintTutorials/TutorialAssets/Blueprint_64x.uasset" 291
"../../../Engine/Content/Tutorial/BlueprintTutorials/TutorialAssets/Blueprint_64x.uexp" 292
"../../../Engine/Content/Tutorial/BlueprintTutorials/TutorialAssets/BlueprintInterface_64x.uasset" 293
"../../../Engine/Content/Tutorial/BlueprintTutorials/TutorialAssets/BlueprintInterface_64x.uexp" 294
"../../../Engine/Content/Tutorial/BlueprintTutorials/TutorialAssets/Tutorial_BP_Interface.uasset" 295
"../../../Engine/Content/Tutorial/BlueprintTutorials/TutorialAssets/Tutorial_BP_Interface.uexp" 296
"../../../Engine/Content/Tutorial/Landscape/TutorialAssets/Landscape.uasset" 297
"../../../Engine/Content/Tutorial/Landscape/TutorialAssets/Landscape.uexp" 298
"../../../Engine/Content/EditorBlueprintResources/StandardMacros.uasset" 299
"../../../Engine/Content/EditorBlueprintResources/StandardMacros.uexp" 300
"../../../Engine/Content/VREditor/TransformGizmo/TranslucentTransformGizmoMaterial.uasset" 301
"../../../Engine/Content/VREditor/TransformGizmo/TranslucentTransformGizmoMaterial.uexp" 302
"../../../Engine/Content/VREditor/LaserPointer/VR_LaserPower_01.uasset" 303
"../../../Engine/Content/VREditor/LaserPointer/VR_LaserPower_01.uexp" 304
"../../../Engine/Content/VREditor/LaserPointer/VR_LaserPower_01.ubulk" 305
"../../../Engine/Content/VREditor/TransformGizmo/TransformGizmoMaterial.uasset" 306
"../../../Engine/Content/VREditor/TransformGizmo/TransformGizmoMaterial.uexp" 307
"../../../Engine/Content/VREditor/TransformGizmo/BoundingBoxCorner.uasset" 308
"../../../Engine/Content/VREditor/TransformGizmo/BoundingBoxCorner.uexp" 309
"../../../Engine/Content/VREditor/TransformGizmo/BoundingBoxEdge.uasset" 310
"../../../Engine/Content/VREditor/TransformGizmo/BoundingBoxEdge.uexp" 311
"../../../Engine/Content/VREditor/TransformGizmo/PlaneTranslationHandle.uasset" 312
"../../../Engine/Content/VREditor/TransformGizmo/PlaneTranslationHandle.uexp" 313
"../../../Engine/Content/VREditor/TransformGizmo/Xray.uasset" 314
"../../../Engine/Content/VREditor/TransformGizmo/Xray.uexp" 315
"../../../Engine/Content/VREditor/TransformGizmo/Main.uasset" 316
"../../../Engine/Content/VREditor/TransformGizmo/Main.uexp" 317
"../../../Engine/Content/VREditor/TransformGizmo/SM_Sequencer_Key.uasset" 318
"../../../Engine/Content/VREditor/TransformGizmo/SM_Sequencer_Key.uexp" 319
"../../../Engine/Content/VREditor/TransformGizmo/SM_Sequencer_Node.uasset" 320
"../../../Engine/Content/VREditor/TransformGizmo/SM_Sequencer_Node.uexp" 321
"../../../Engine/Plugins/2D/Paper2D/Content/PlaceholderTextures/DummySpriteTexture.uasset" 322
"../../../Engine/Plugins/2D/Paper2D/Content/PlaceholderTextures/DummySpriteTexture.uexp" 323
"../../../Engine/Plugins/2D/Paper2D/Content/PlaceholderTextures/DummySpriteTexture.ubulk" 324
"../../../Engine/Plugins/2D/Paper2D/Content/DummySprite.uasset" 325
"../../../Engine/Plugins/2D/Paper2D/Content/DummySprite.uexp" 326
"../../../Engine/Plugins/2D/Paper2D/Content/DefaultPaperTerrainMaterial.uasset" 327
"../../../Engine/Plugins/2D/Paper2D/Content/DefaultPaperTerrainMaterial.uexp" 328
"../../../Engine/Plugins/2D/Paper2D/Content/DefaultSpriteMaterial.uasset" 329
"../../../Engine/Plugins/2D/Paper2D/Content/DefaultSpriteMaterial.uexp" 330
"../../../Engine/Plugins/2D/Paper2D/Content/MaskedUnlitSpriteMaterial.uasset" 331
"../../../Engine/Plugins/2D/Paper2D/Content/MaskedUnlitSpriteMaterial.uexp" 332
"../../../Engine/Plugins/2D/Paper2D/Content/OpaqueUnlitSpriteMaterial.uasset" 333
"../../../Engine/Plugins/2D/Paper2D/Content/OpaqueUnlitSpriteMaterial.uexp" 334
"../../../Engine/Plugins/Editor/SpeedTreeImporter/Content/SpeedTree9/game_wind_noise.uasset" 335
"../../../Engine/Plugins/Editor/SpeedTreeImporter/Content/SpeedTree9/game_wind_noise.uexp" 336
"../../../Engine/Plugins/Editor/SpeedTreeImporter/Content/SpeedTree9/game_wind_noise.ubulk" 337
"../../../Engine/Content/Functions/Engine_MaterialFunctions02/SafeNormalize.uasset" 338
"../../../Engine/Content/Functions/Engine_MaterialFunctions02/SafeNormalize.uexp" 339
"../../../Engine/Plugins/Editor/SpeedTreeImporter/Content/SpeedTree9/SpeedTreeWindMotion.uasset" 340
"../../../Engine/Plugins/Editor/SpeedTreeImporter/Content/SpeedTree9/SpeedTreeWindMotion.uexp" 341
"../../../Engine/Content/Functions/Engine_MaterialFunctions02/Utility/BreakOutFloat3Components.uasset" 342
"../../../Engine/Content/Functions/Engine_MaterialFunctions02/Utility/BreakOutFloat3Components.uexp" 343
"../../../Engine/Plugins/Editor/SpeedTreeImporter/Content/SpeedTree9/UnpackInteger3.uasset" 344
"../../../Engine/Plugins/Editor/SpeedTreeImporter/Content/SpeedTree9/UnpackInteger3.uexp" 345
"../../../Engine/Plugins/Editor/SpeedTreeImporter/Content/SpeedTree9/UnpackDirection.uasset" 346
"../../../Engine/Plugins/Editor/SpeedTreeImporter/Content/SpeedTree9/UnpackDirection.uexp" 347
"../../../Engine/Plugins/Editor/SpeedTreeImporter/Content/SpeedTree9/SpeedTreeBranchMotion.uasset" 348
"../../../Engine/Plugins/Editor/SpeedTreeImporter/Content/SpeedTree9/SpeedTreeBranchMotion.uexp" 349
"../../../Engine/Content/Functions/Engine_MaterialFunctions02/Utility/VectorLength.uasset" 350
"../../../Engine/Content/Functions/Engine_MaterialFunctions02/Utility/VectorLength.uexp" 351
"../../../Engine/Content/Functions/Engine_MaterialFunctions02/WorldPositionOffset/ObjectScale.uasset" 352
"../../../Engine/Content/Functions/Engine_MaterialFunctions02/WorldPositionOffset/ObjectScale.uexp" 353
"../../../Engine/Content/Functions/Engine_MaterialFunctions02/ObjectLocalBounds.uasset" 354
"../../../Engine/Content/Functions/Engine_MaterialFunctions02/ObjectLocalBounds.uexp" 355
"../../../Engine/Content/Functions/Engine_MaterialFunctions02/UVs/BoundingBoxBased_0-1_UVW.uasset" 356
"../../../Engine/Content/Functions/Engine_MaterialFunctions02/UVs/BoundingBoxBased_0-1_UVW.uexp" 357
"../../../Engine/Plugins/Editor/SpeedTreeImporter/Content/SpeedTree9/SpeedTreeWind.uasset" 358
"../../../Engine/Plugins/Editor/SpeedTreeImporter/Content/SpeedTree9/SpeedTreeWind.uexp" 359
"../../../Engine/Plugins/Editor/SpeedTreeImporter/Content/SpeedTree9/SpeedTreeBillboard.uasset" 360
"../../../Engine/Plugins/Editor/SpeedTreeImporter/Content/SpeedTree9/SpeedTreeBillboard.uexp" 361
"../../../Engine/Plugins/Editor/SpeedTreeImporter/Content/SpeedTree9/EmptyNormal.uasset" 362
"../../../Engine/Plugins/Editor/SpeedTreeImporter/Content/SpeedTree9/EmptyNormal.uexp" 363
"../../../Engine/Plugins/Editor/SpeedTreeImporter/Content/SpeedTree9/Empty.uasset" 364
"../../../Engine/Plugins/Editor/SpeedTreeImporter/Content/SpeedTree9/Empty.uexp" 365
"../../../Engine/Plugins/Editor/SpeedTreeImporter/Content/SpeedTree9/SpeedTreeBillboardMaster.uasset" 366
"../../../Engine/Plugins/Editor/SpeedTreeImporter/Content/SpeedTree9/SpeedTreeBillboardMaster.uexp" 367
"../../../Engine/Plugins/Editor/SpeedTreeImporter/Content/SpeedTree9/SpeedTreeCameraFacing.uasset" 368
"../../../Engine/Plugins/Editor/SpeedTreeImporter/Content/SpeedTree9/SpeedTreeCameraFacing.uexp" 369
"../../../Engine/Plugins/Editor/SpeedTreeImporter/Content/SpeedTree9/SpeedTreeMaster.uasset" 370
"../../../Engine/Plugins/Editor/SpeedTreeImporter/Content/SpeedTree9/SpeedTreeMaster.uexp" 371
"../../../Engine/Content/ArtTools/RenderToTexture/Materials/Debug/M_Emissive_Color.uasset" 372
"../../../Engine/Content/ArtTools/RenderToTexture/Materials/Debug/M_Emissive_Color.uexp" 373
"../../../Engine/Content/BasicShapes/Cylinder.uasset" 374
"../../../Engine/Content/BasicShapes/Cylinder.uexp" 375
"../../../Engine/Plugins/Runtime/OpenXR/Content/Devices/GoogleDaydream/MRTexture.uasset" 376
"../../../Engine/Plugins/Runtime/OpenXR/Content/Devices/GoogleDaydream/MRTexture.uexp" 377
"../../../Engine/Plugins/Runtime/OpenXR/Content/Devices/GoogleDaydream/MRTexture.ubulk" 378
"../../../Engine/Plugins/Runtime/OpenXR/Content/Devices/GoogleDaydream/BaseTexture.uasset" 379
"../../../Engine/Plugins/Runtime/OpenXR/Content/Devices/GoogleDaydream/BaseTexture.uexp" 380
"../../../Engine/Plugins/Runtime/OpenXR/Content/Devices/GoogleDaydream/BaseTexture.ubulk" 381
"../../../Engine/Content/EngineResources/Black.uasset" 382
"../../../Engine/Content/EngineResources/Black.uexp" 383
"../../../Engine/Plugins/Runtime/OpenXR/Content/Devices/M_XRController.uasset" 384
"../../../Engine/Plugins/Runtime/OpenXR/Content/Devices/M_XRController.uexp" 385
"../../../Engine/Plugins/Runtime/OpenXR/Content/Devices/GoogleDaydream/MI_GoogleDaydream.uasset" 386
"../../../Engine/Plugins/Runtime/OpenXR/Content/Devices/GoogleDaydream/MI_GoogleDaydream.uexp" 387
"../../../Engine/Plugins/Runtime/OpenXR/Content/Devices/GoogleDaydream/GoogleDaydreamController.uasset" 388
"../../../Engine/Plugins/Runtime/OpenXR/Content/Devices/GoogleDaydream/GoogleDaydreamController.uexp" 389
"../../../Engine/Plugins/Runtime/OpenXR/Content/Devices/HTCVive/BaseTexture.uasset" 390
"../../../Engine/Plugins/Runtime/OpenXR/Content/Devices/HTCVive/BaseTexture.uexp" 391
"../../../Engine/Plugins/Runtime/OpenXR/Content/Devices/HTCVive/BaseTexture.ubulk" 392
"../../../Engine/Plugins/Runtime/OpenXR/Content/Devices/HTCVive/MI_HTCVive.uasset" 393
"../../../Engine/Plugins/Runtime/OpenXR/Content/Devices/HTCVive/MI_HTCVive.uexp" 394
"../../../Engine/Plugins/Runtime/OpenXR/Content/Devices/HTCVive/HTCViveController.uasset" 395
"../../../Engine/Plugins/Runtime/OpenXR/Content/Devices/HTCVive/HTCViveController.uexp" 396
"../../../Engine/Plugins/Runtime/OpenXR/Content/Devices/MicrosoftMixedReality/NormalTexture.uasset" 397
"../../../Engine/Plugins/Runtime/OpenXR/Content/Devices/MicrosoftMixedReality/NormalTexture.uexp" 398
"../../../Engine/Plugins/Runtime/OpenXR/Content/Devices/MicrosoftMixedReality/NormalTexture.ubulk" 399
"../../../Engine/Plugins/Runtime/OpenXR/Content/Devices/MicrosoftMixedReality/MRTexture.uasset" 400
"../../../Engine/Plugins/Runtime/OpenXR/Content/Devices/MicrosoftMixedReality/MRTexture.uexp" 401
"../../../Engine/Plugins/Runtime/OpenXR/Content/Devices/MicrosoftMixedReality/MRTexture.ubulk" 402
"../../../Engine/Plugins/Runtime/OpenXR/Content/Devices/MicrosoftMixedReality/EmissiveTexture.uasset" 403
"../../../Engine/Plugins/Runtime/OpenXR/Content/Devices/MicrosoftMixedReality/EmissiveTexture.uexp" 404
"../../../Engine/Plugins/Runtime/OpenXR/Content/Devices/MicrosoftMixedReality/EmissiveTexture.ubulk" 405
"../../../Engine/Plugins/Runtime/OpenXR/Content/Devices/MicrosoftMixedReality/BaseTexture.uasset" 406
"../../../Engine/Plugins/Runtime/OpenXR/Content/Devices/MicrosoftMixedReality/BaseTexture.uexp" 407
"../../../Engine/Plugins/Runtime/OpenXR/Content/Devices/MicrosoftMixedReality/BaseTexture.ubulk" 408
"../../../Engine/Plugins/Runtime/OpenXR/Content/Devices/MicrosoftMixedReality/MI_MicrosoftMixedReality.uasset" 409
"../../../Engine/Plugins/Runtime/OpenXR/Content/Devices/MicrosoftMixedReality/MI_MicrosoftMixedReality.uexp" 410
"../../../Engine/Plugins/Runtime/OpenXR/Content/Devices/MicrosoftMixedReality/Left/left_MicrosoftMixedRealityController.uasset" 411
"../../../Engine/Plugins/Runtime/OpenXR/Content/Devices/MicrosoftMixedReality/Left/left_MicrosoftMixedRealityController.uexp" 412
"../../../Engine/Plugins/Runtime/OpenXR/Content/Devices/MicrosoftMixedReality/Right/right_MicrosoftMixedRealityController.uasset" 413
"../../../Engine/Plugins/Runtime/OpenXR/Content/Devices/MicrosoftMixedReality/Right/right_MicrosoftMixedRealityController.uexp" 414
"../../../Engine/Plugins/Runtime/OpenXR/Content/Devices/OculusGo/BaseTexture.uasset" 415
"../../../Engine/Plugins/Runtime/OpenXR/Content/Devices/OculusGo/BaseTexture.uexp" 416
"../../../Engine/Plugins/Runtime/OpenXR/Content/Devices/OculusGo/BaseTexture.ubulk" 417
"../../../Engine/Plugins/Runtime/OpenXR/Content/Devices/OculusGo/MI_OculusGo.uasset" 418
"../../../Engine/Plugins/Runtime/OpenXR/Content/Devices/OculusGo/MI_OculusGo.uexp" 419
"../../../Engine/Plugins/Runtime/OpenXR/Content/Devices/OculusGo/OculusGoController.uasset" 420
"../../../Engine/Plugins/Runtime/OpenXR/Content/Devices/OculusGo/OculusGoController.uexp" 421
"../../../Engine/Plugins/Runtime/OpenXR/Content/Devices/OculusTouch/MRTexture.uasset" 422
"../../../Engine/Plugins/Runtime/OpenXR/Content/Devices/OculusTouch/MRTexture.uexp" 423
"../../../Engine/Plugins/Runtime/OpenXR/Content/Devices/OculusTouch/MRTexture.ubulk" 424
"../../../Engine/Plugins/Runtime/OpenXR/Content/Devices/OculusTouch/BaseTexture.uasset" 425
"../../../Engine/Plugins/Runtime/OpenXR/Content/Devices/OculusTouch/BaseTexture.uexp" 426
"../../../Engine/Plugins/Runtime/OpenXR/Content/Devices/OculusTouch/BaseTexture.ubulk" 427
"../../../Engine/Plugins/Runtime/OpenXR/Content/Devices/OculusTouch/MI_OculusTouch.uasset" 428
"../../../Engine/Plugins/Runtime/OpenXR/Content/Devices/OculusTouch/MI_OculusTouch.uexp" 429
"../../../Engine/Plugins/Runtime/OpenXR/Content/Devices/OculusTouch/Left/left_OculusTouchController.uasset" 430
"../../../Engine/Plugins/Runtime/OpenXR/Content/Devices/OculusTouch/Left/left_OculusTouchController.uexp" 431
"../../../Engine/Plugins/Runtime/OpenXR/Content/Devices/OculusTouch/Right/right_OculusTouchController.uasset" 432
"../../../Engine/Plugins/Runtime/OpenXR/Content/Devices/OculusTouch/Right/right_OculusTouchController.uexp" 433
"../../../Engine/Plugins/Runtime/OpenXR/Content/Devices/OculusTouch_v2/MRTexture.uasset" 434
"../../../Engine/Plugins/Runtime/OpenXR/Content/Devices/OculusTouch_v2/MRTexture.uexp" 435
"../../../Engine/Plugins/Runtime/OpenXR/Content/Devices/OculusTouch_v2/MRTexture.ubulk" 436
"../../../Engine/Plugins/Runtime/OpenXR/Content/Devices/OculusTouch_v2/BaseTexture.uasset" 437
"../../../Engine/Plugins/Runtime/OpenXR/Content/Devices/OculusTouch_v2/BaseTexture.uexp" 438
"../../../Engine/Plugins/Runtime/OpenXR/Content/Devices/OculusTouch_v2/BaseTexture.ubulk" 439
"../../../Engine/Plugins/Runtime/OpenXR/Content/Devices/OculusTouch_v2/MI_OculusTouch_v2.uasset" 440
"../../../Engine/Plugins/Runtime/OpenXR/Content/Devices/OculusTouch_v2/MI_OculusTouch_v2.uexp" 441
"../../../Engine/Plugins/Runtime/OpenXR/Content/Devices/OculusTouch_v2/Left/left_OculusTouch_v2Controller.uasset" 442
"../../../Engine/Plugins/Runtime/OpenXR/Content/Devices/OculusTouch_v2/Left/left_OculusTouch_v2Controller.uexp" 443
"../../../Engine/Plugins/Runtime/OpenXR/Content/Devices/OculusTouch_v2/Right/right_OculusTouch_v2Controller.uasset" 444
"../../../Engine/Plugins/Runtime/OpenXR/Content/Devices/OculusTouch_v2/Right/right_OculusTouch_v2Controller.uexp" 445
"../../../Engine/Plugins/Runtime/OpenXR/Content/Devices/OculusTouch_v3/MRTexture.uasset" 446
"../../../Engine/Plugins/Runtime/OpenXR/Content/Devices/OculusTouch_v3/MRTexture.uexp" 447
"../../../Engine/Plugins/Runtime/OpenXR/Content/Devices/OculusTouch_v3/MRTexture.ubulk" 448
"../../../Engine/Plugins/Runtime/OpenXR/Content/Devices/OculusTouch_v3/BaseTexture.uasset" 449
"../../../Engine/Plugins/Runtime/OpenXR/Content/Devices/OculusTouch_v3/BaseTexture.uexp" 450
"../../../Engine/Plugins/Runtime/OpenXR/Content/Devices/OculusTouch_v3/BaseTexture.ubulk" 451
"../../../Engine/Plugins/Runtime/OpenXR/Content/Devices/OculusTouch_v3/MI_OculusTouch_v3.uasset" 452
"../../../Engine/Plugins/Runtime/OpenXR/Content/Devices/OculusTouch_v3/MI_OculusTouch_v3.uexp" 453
"../../../Engine/Plugins/Runtime/OpenXR/Content/Devices/OculusTouch_v3/Left/left_OculusTouch_v3Controller.uasset" 454
"../../../Engine/Plugins/Runtime/OpenXR/Content/Devices/OculusTouch_v3/Left/left_OculusTouch_v3Controller.uexp" 455
"../../../Engine/Plugins/Runtime/OpenXR/Content/Devices/OculusTouch_v3/Right/right_OculusTouch_v3Controller.uasset" 456
"../../../Engine/Plugins/Runtime/OpenXR/Content/Devices/OculusTouch_v3/Right/right_OculusTouch_v3Controller.uexp" 457
"../../../Engine/Plugins/Runtime/OpenXR/Content/Devices/ValveIndex/MRTexture.uasset" 458
"../../../Engine/Plugins/Runtime/OpenXR/Content/Devices/ValveIndex/MRTexture.uexp" 459
"../../../Engine/Plugins/Runtime/OpenXR/Content/Devices/ValveIndex/MRTexture.ubulk" 460
"../../../Engine/Plugins/Runtime/OpenXR/Content/Devices/ValveIndex/BaseTexture.uasset" 461
"../../../Engine/Plugins/Runtime/OpenXR/Content/Devices/ValveIndex/BaseTexture.uexp" 462
"../../../Engine/Plugins/Runtime/OpenXR/Content/Devices/ValveIndex/BaseTexture.ubulk" 463
"../../../Engine/Plugins/Runtime/OpenXR/Content/Devices/ValveIndex/Left/MI_left_ValveIndex.uasset" 464
"../../../Engine/Plugins/Runtime/OpenXR/Content/Devices/ValveIndex/Left/MI_left_ValveIndex.uexp" 465
"../../../Engine/Plugins/Runtime/OpenXR/Content/Devices/ValveIndex/Left/left_ValveIndexController.uasset" 466
"../../../Engine/Plugins/Runtime/OpenXR/Content/Devices/ValveIndex/Left/left_ValveIndexController.uexp" 467
"../../../Engine/Plugins/Runtime/OpenXR/Content/Devices/ValveIndex/Right/MI_right_ValveIndex.uasset" 468
"../../../Engine/Plugins/Runtime/OpenXR/Content/Devices/ValveIndex/Right/MI_right_ValveIndex.uexp" 469
"../../../Engine/Plugins/Runtime/OpenXR/Content/Devices/ValveIndex/Right/right_ValveIndexController.uasset" 470
"../../../Engine/Plugins/Runtime/OpenXR/Content/Devices/ValveIndex/Right/right_ValveIndexController.uexp" 471
"../../../Engine/Content/Functions/Engine_MaterialFunctions02/Utility/BreakOutFloat4Components.uasset" 472
"../../../Engine/Content/Functions/Engine_MaterialFunctions02/Utility/BreakOutFloat4Components.uexp" 473
"../../../Engine/Content/Functions/Engine_MaterialFunctions02/Utility/MakeFloat3.uasset" 474
"../../../Engine/Content/Functions/Engine_MaterialFunctions02/Utility/MakeFloat3.uexp" 475
"../../../Engine/Plugins/Runtime/Oculus/OculusVR/Content/Materials/OculusMR_ChromaKey.uasset" 476
"../../../Engine/Plugins/Runtime/Oculus/OculusVR/Content/Materials/OculusMR_ChromaKey.uexp" 477
"../../../Engine/Plugins/Runtime/Oculus/OculusVR/Content/Materials/OculusMR_OpaqueColoredMaterial.uasset" 478
"../../../Engine/Plugins/Runtime/Oculus/OculusVR/Content/Materials/OculusMR_OpaqueColoredMaterial.uexp" 479
"../../../Engine/Plugins/Runtime/Oculus/OculusVR/Content/Materials/PokeAHoleMaterial.uasset" 480
"../../../Engine/Plugins/Runtime/Oculus/OculusVR/Content/Materials/PokeAHoleMaterial.uexp" 481
"../../../Engine/Plugins/Runtime/Oculus/OculusVR/Content/Textures/touchController_controlmap.uasset" 482
"../../../Engine/Plugins/Runtime/Oculus/OculusVR/Content/Textures/touchController_controlmap.uexp" 483
"../../../Engine/Plugins/Runtime/Oculus/OculusVR/Content/Textures/touchController_controlmap.ubulk" 484
"../../../Engine/Plugins/Runtime/Oculus/OculusVR/Content/Textures/touchController_albedo.uasset" 485
"../../../Engine/Plugins/Runtime/Oculus/OculusVR/Content/Textures/touchController_albedo.uexp" 486
"../../../Engine/Plugins/Runtime/Oculus/OculusVR/Content/Textures/touchController_albedo.ubulk" 487
"../../../Engine/Plugins/Runtime/Oculus/OculusVR/Content/Materials/touchController_mat.uasset" 488
"../../../Engine/Plugins/Runtime/Oculus/OculusVR/Content/Materials/touchController_mat.uexp" 489
"../../../Engine/Plugins/Runtime/Oculus/OculusVR/Content/Meshes/LeftTouchController.uasset" 490
"../../../Engine/Plugins/Runtime/Oculus/OculusVR/Content/Meshes/LeftTouchController.uexp" 491
"../../../Engine/Plugins/Runtime/Oculus/OculusVR/Content/Textures/TouchForQuestRiftSController_albedo.uasset" 492
"../../../Engine/Plugins/Runtime/Oculus/OculusVR/Content/Textures/TouchForQuestRiftSController_albedo.uexp" 493
"../../../Engine/Plugins/Runtime/Oculus/OculusVR/Content/Textures/TouchForQuestRiftSController_albedo.ubulk" 494
"../../../Engine/Plugins/Runtime/Oculus/OculusVR/Content/Materials/TouchForQuestRiftSControllerMaterial.uasset" 495
"../../../Engine/Plugins/Runtime/Oculus/OculusVR/Content/Materials/TouchForQuestRiftSControllerMaterial.uexp" 496
"../../../Engine/Plugins/Runtime/Oculus/OculusVR/Content/Meshes/LeftTouchForQuestRiftSController.uasset" 497
"../../../Engine/Plugins/Runtime/Oculus/OculusVR/Content/Meshes/LeftTouchForQuestRiftSController.uexp" 498
"../../../Engine/Plugins/Runtime/Oculus/OculusVR/Content/Meshes/RiftHMD.uasset" 499
"../../../Engine/Plugins/Runtime/Oculus/OculusVR/Content/Meshes/RiftHMD.uexp" 500
"../../../Engine/Plugins/Runtime/Oculus/OculusVR/Content/Meshes/RightTouchController.uasset" 501
"../../../Engine/Plugins/Runtime/Oculus/OculusVR/Content/Meshes/RightTouchController.uexp" 502
"../../../Engine/Plugins/Runtime/Oculus/OculusVR/Content/Meshes/RightTouchForQuestRiftSController.uasset" 503
"../../../Engine/Plugins/Runtime/Oculus/OculusVR/Content/Meshes/RightTouchForQuestRiftSController.uexp" 504
"../../../Engine/Plugins/Runtime/AR/ARUtilities/Content/Materials/DummyExternalTexture.uasset" 505
"../../../Engine/Plugins/Runtime/AR/ARUtilities/Content/Materials/DummyExternalTexture.uexp" 506
"../../../Engine/Content/EngineResources/DefaultTexture.uasset" 507
"../../../Engine/Content/EngineResources/DefaultTexture.uexp" 508
"../../../Engine/Content/EngineResources/DefaultTexture.ubulk" 509
"../../../Engine/Plugins/Runtime/AR/ARUtilities/Content/Materials/M_PassthroughCamera.uasset" 510
"../../../Engine/Plugins/Runtime/AR/ARUtilities/Content/Materials/M_PassthroughCamera.uexp" 511
"../../../Engine/Plugins/Runtime/AR/ARUtilities/Content/Materials/MI_PassthroughCameraExternalTexture.uasset" 512
"../../../Engine/Plugins/Runtime/AR/ARUtilities/Content/Materials/MI_PassthroughCameraExternalTexture.uexp" 513
"../../../Engine/Plugins/Runtime/AR/ARUtilities/Content/Materials/M_ScreenSpacePassthroughCamera.uasset" 514
"../../../Engine/Plugins/Runtime/AR/ARUtilities/Content/Materials/M_ScreenSpacePassthroughCamera.uexp" 515
"../../../Engine/Plugins/Runtime/AR/ARUtilities/Content/Materials/MI_ScreenSpacePassthroughCameraExternalTexture.uasset" 516
"../../../Engine/Plugins/Runtime/AR/ARUtilities/Content/Materials/MI_ScreenSpacePassthroughCameraExternalTexture.uexp" 517
"../../../Engine/Plugins/Runtime/AR/ARUtilities/Content/Materials/MF_DistanceColorLerp.uasset" 518
"../../../Engine/Plugins/Runtime/AR/ARUtilities/Content/Materials/MF_DistanceColorLerp.uexp" 519
"../../../Engine/Plugins/Runtime/AR/ARUtilities/Content/Materials/M_DepthColoration.uasset" 520
"../../../Engine/Plugins/Runtime/AR/ARUtilities/Content/Materials/M_DepthColoration.uexp" 521
"../../../Engine/Plugins/Runtime/AR/Google/GoogleARCore/Content/M_SceneDepthOcclusion.uasset" 522
"../../../Engine/Plugins/Runtime/AR/Google/GoogleARCore/Content/M_SceneDepthOcclusion.uexp" 523
"../../../Engine/Content/BasicShapes/Plane.uasset" 524
"../../../Engine/Content/BasicShapes/Plane.uexp" 525
"D:/CSE_400A/prototype/Content/HandheldAR/Blueprints/Placeable/Materials/MF_DistanceFalloff.uasset" 526
"D:/CSE_400A/prototype/Content/HandheldAR/Blueprints/Placeable/Materials/MF_DistanceFalloff.uexp" 527
"D:/CSE_400A/prototype/Content/HandheldAR/Blueprints/Placeable/Materials/M_Plane_Plain.uasset" 528
"D:/CSE_400A/prototype/Content/HandheldAR/Blueprints/Placeable/Materials/M_Plane_Plain.uexp" 529
"../../../Engine/Content/Functions/Engine_MaterialFunctions01/Gradient/LinearGradient.uasset" 530
"../../../Engine/Content/Functions/Engine_MaterialFunctions01/Gradient/LinearGradient.uexp" 531
"../../../Engine/Content/Functions/Engine_MaterialFunctions01/ImageAdjustment/CheapContrast.uasset" 532
"../../../Engine/Content/Functions/Engine_MaterialFunctions01/ImageAdjustment/CheapContrast.uexp" 533
"D:/CSE_400A/prototype/Content/HandheldAR/Blueprints/Placeable/Materials/MF_CircularScan.uasset" 534
"D:/CSE_400A/prototype/Content/HandheldAR/Blueprints/Placeable/Materials/MF_CircularScan.uexp" 535
"D:/CSE_400A/prototype/Content/HandheldAR/Blueprints/Placeable/Materials/M_Plane_Fallback.uasset" 536
"D:/CSE_400A/prototype/Content/HandheldAR/Blueprints/Placeable/Materials/M_Plane_Fallback.uexp" 537
"D:/CSE_400A/prototype/Content/HandheldAR/Blueprints/Placeable/Materials/M_Plane_02.uasset" 538
"D:/CSE_400A/prototype/Content/HandheldAR/Blueprints/Placeable/Materials/M_Plane_02.uexp" 539
"D:/CSE_400A/prototype/Content/HandheldAR/Blueprints/Placeable/Materials/M_Plane_01.uasset" 540
"D:/CSE_400A/prototype/Content/HandheldAR/Blueprints/Placeable/Materials/M_Plane_01.uexp" 541
"D:/CSE_400A/prototype/Content/HandheldAR/Blueprints/Placeable/BP_Plane.uasset" 542
"D:/CSE_400A/prototype/Content/HandheldAR/Blueprints/Placeable/BP_Plane.uexp" 543
"D:/CSE_400A/prototype/Content/planetCreator/Blueprints/Moon_1_3474/lroc_color_poles_16k.uasset" 544
"D:/CSE_400A/prototype/Content/planetCreator/Blueprints/Moon_1_3474/lroc_color_poles_16k.uexp" 545
"D:/CSE_400A/prototype/Content/planetCreator/Blueprints/Moon_1_3474/lroc_color_poles_16k.ubulk" 546
"D:/CSE_400A/prototype/Content/planetCreator/Blueprints/Moon_1_3474/lroc_color_poles_16k.uptnl" 547
"D:/CSE_400A/prototype/Content/planetCreator/Blueprints/Moon_1_3474/ldem_16.uasset" 548
"D:/CSE_400A/prototype/Content/planetCreator/Blueprints/Moon_1_3474/ldem_16.uexp" 549
"D:/CSE_400A/prototype/Content/planetCreator/Blueprints/Moon_1_3474/ggPhys.uasset" 550
"D:/CSE_400A/prototype/Content/planetCreator/Blueprints/Moon_1_3474/ggPhys.uexp" 551
"D:/CSE_400A/prototype/Content/planetCreator/Blueprints/Moon_1_3474/ggMet.uasset" 552
"D:/CSE_400A/prototype/Content/planetCreator/Blueprints/Moon_1_3474/ggMet.uexp" 553
"D:/CSE_400A/prototype/Content/planetCreator/Blueprints/Moon_1_3474/gg.uasset" 554
"D:/CSE_400A/prototype/Content/planetCreator/Blueprints/Moon_1_3474/gg.uexp" 555
"../../../Engine/Content/ArtTools/RenderToTexture/Textures/127grey.uasset" 556
"../../../Engine/Content/ArtTools/RenderToTexture/Textures/127grey.uexp" 557
"../../../Engine/Content/BasicShapes/BasicShapeMaterial.uasset" 558
"../../../Engine/Content/BasicShapes/BasicShapeMaterial.uexp" 559
"D:/CSE_400A/prototype/Content/HandheldAR/Blueprints/UI/Icons/T_Icon_Rotate.uasset" 560
"D:/CSE_400A/prototype/Content/HandheldAR/Blueprints/UI/Icons/T_Icon_Rotate.uexp" 561
"D:/CSE_400A/prototype/Content/HandheldAR/Blueprints/UI/Icons/T_Icon_Move.uasset" 562
"D:/CSE_400A/prototype/Content/HandheldAR/Blueprints/UI/Icons/T_Icon_Move.uexp" 563
"D:/CSE_400A/prototype/Content/HandheldAR/Blueprints/Placeable/Textures/T_SquarePlate.uasset" 564
"D:/CSE_400A/prototype/Content/HandheldAR/Blueprints/Placeable/Textures/T_SquarePlate.uexp" 565
"D:/CSE_400A/prototype/Content/HandheldAR/Blueprints/Placeable/Textures/T_CirclePlate.uasset" 566
"D:/CSE_400A/prototype/Content/HandheldAR/Blueprints/Placeable/Textures/T_CirclePlate.uexp" 567
"D:/CSE_400A/prototype/Content/HandheldAR/Blueprints/Placeable/Materials/M_Placeable.uasset" 568
"D:/CSE_400A/prototype/Content/HandheldAR/Blueprints/Placeable/Materials/M_Placeable.uexp" 569
"D:/CSE_400A/prototype/Content/HandheldAR/Blueprints/Placeable/Mesh/SM_Plate.uasset" 570
"D:/CSE_400A/prototype/Content/HandheldAR/Blueprints/Placeable/Mesh/SM_Plate.uexp" 571
"D:/CSE_400A/prototype/Content/HandheldAR/Blueprints/Placeable/Mesh/SM_ArrowHead.uasset" 572
"D:/CSE_400A/prototype/Content/HandheldAR/Blueprints/Placeable/Mesh/SM_ArrowHead.uexp" 573
"D:/CSE_400A/prototype/Content/HandheldAR/Blueprints/Placeable/Mesh/SM_ArrowBody.uasset" 574
"D:/CSE_400A/prototype/Content/HandheldAR/Blueprints/Placeable/Mesh/SM_ArrowBody.uexp" 575
"D:/CSE_400A/prototype/Content/HandheldAR/Blueprints/Placeable/Textures/T_Shadow.uasset" 576
"D:/CSE_400A/prototype/Content/HandheldAR/Blueprints/Placeable/Textures/T_Shadow.uexp" 577
"D:/CSE_400A/prototype/Content/HandheldAR/Blueprints/Placeable/Materials/M_Shadow.uasset" 578
"D:/CSE_400A/prototype/Content/HandheldAR/Blueprints/Placeable/Materials/M_Shadow.uexp" 579
"D:/CSE_400A/prototype/Content/HandheldAR/Blueprints/Placeable/Materials/M_Arrow.uasset" 580
"D:/CSE_400A/prototype/Content/HandheldAR/Blueprints/Placeable/Materials/M_Arrow.uexp" 581
"D:/CSE_400A/prototype/Content/HandheldAR/Blueprints/UI/Icons/T_Icon_Scale.uasset" 582
"D:/CSE_400A/prototype/Content/HandheldAR/Blueprints/UI/Icons/T_Icon_Scale.uexp" 583
"D:/CSE_400A/prototype/Content/HandheldAR/Blueprints/Placeable/BP_InteractionHUD.uasset" 584
"D:/CSE_400A/prototype/Content/HandheldAR/Blueprints/Placeable/BP_InteractionHUD.uexp" 585
"D:/CSE_400A/prototype/Content/HandheldAR/Blueprints/GameFramework/ENUM_GestureType.uasset" 586
"D:/CSE_400A/prototype/Content/HandheldAR/Blueprints/GameFramework/ENUM_GestureType.uexp" 587
"D:/CSE_400A/prototype/Content/ProductAssets/Materials/M_Plastic.uasset" 588
"D:/CSE_400A/prototype/Content/ProductAssets/Materials/M_Plastic.uexp" 589
"D:/CSE_400A/prototype/Content/ProductAssets/Mesh/SM_Manequin.uasset" 590
"D:/CSE_400A/prototype/Content/ProductAssets/Mesh/SM_Manequin.uexp" 591
"D:/CSE_400A/prototype/Content/ProductAssets/BP_ProductAssetRef.uasset" 592
"D:/CSE_400A/prototype/Content/ProductAssets/BP_ProductAssetRef.uexp" 593
"D:/CSE_400A/prototype/Content/HandheldAR/Blueprints/Placeable/BP_Placeable.uasset" 594
"D:/CSE_400A/prototype/Content/HandheldAR/Blueprints/Placeable/BP_Placeable.uexp" 595
"D:/CSE_400A/prototype/Content/HandheldAR/D_ARSessionConfig.uasset" 596
"D:/CSE_400A/prototype/Content/HandheldAR/D_ARSessionConfig.uexp" 597
"D:/CSE_400A/prototype/Content/HandheldAR/Blueprints/UI/Icons/T_Icon_Shot_01.uasset" 598
"D:/CSE_400A/prototype/Content/HandheldAR/Blueprints/UI/Icons/T_Icon_Shot_01.uexp" 599
"D:/CSE_400A/prototype/Content/HandheldAR/Blueprints/UI/Icons/T_Icon_Shot_01.ubulk" 600
"D:/CSE_400A/prototype/Content/HandheldAR/Blueprints/UI/Materials/M_CircularMask.uasset" 601
"D:/CSE_400A/prototype/Content/HandheldAR/Blueprints/UI/Materials/M_CircularMask.uexp" 602
"D:/CSE_400A/prototype/Content/HandheldAR/Blueprints/UI/Icons/T_Shape_Loading.uasset" 603
"D:/CSE_400A/prototype/Content/HandheldAR/Blueprints/UI/Icons/T_Shape_Loading.uexp" 604
"D:/CSE_400A/prototype/Content/HandheldAR/Blueprints/UI/Icons/T_Shape_Circle.uasset" 605
"D:/CSE_400A/prototype/Content/HandheldAR/Blueprints/UI/Icons/T_Shape_Circle.uexp" 606
"../../../Engine/Content/Functions/Engine_MaterialFunctions02/Texturing/CustomRotator.uasset" 607
"../../../Engine/Content/Functions/Engine_MaterialFunctions02/Texturing/CustomRotator.uexp" 608
"D:/CSE_400A/prototype/Content/HandheldAR/Blueprints/UI/Materials/M_ButtonRotatingUI.uasset" 609
"D:/CSE_400A/prototype/Content/HandheldAR/Blueprints/UI/Materials/M_ButtonRotatingUI.uexp" 610
"D:/CSE_400A/prototype/Content/HandheldAR/Blueprints/UI/Styles/Enum_IconType.uasset" 611
"D:/CSE_400A/prototype/Content/HandheldAR/Blueprints/UI/Styles/Enum_IconType.uexp" 612
"D:/CSE_400A/prototype/Content/HandheldAR/Blueprints/UI/Styles/Struct_Icon.uasset" 613
"D:/CSE_400A/prototype/Content/HandheldAR/Blueprints/UI/Styles/Struct_Icon.uexp" 614
"D:/CSE_400A/prototype/Content/HandheldAR/Blueprints/UI/Styles/ENUM_UIStyle.uasset" 615
"D:/CSE_400A/prototype/Content/HandheldAR/Blueprints/UI/Styles/ENUM_UIStyle.uexp" 616
"D:/CSE_400A/prototype/Content/HandheldAR/Blueprints/UI/Styles/Enum_FontTypeFace.uasset" 617
"D:/CSE_400A/prototype/Content/HandheldAR/Blueprints/UI/Styles/Enum_FontTypeFace.uexp" 618
"D:/CSE_400A/prototype/Content/HandheldAR/Blueprints/UI/Icons/T_Capsule_Right.uasset" 619
"D:/CSE_400A/prototype/Content/HandheldAR/Blueprints/UI/Icons/T_Capsule_Right.uexp" 620
"D:/CSE_400A/prototype/Content/HandheldAR/Blueprints/UI/Icons/T_Capsule_Left.uasset" 621
"D:/CSE_400A/prototype/Content/HandheldAR/Blueprints/UI/Icons/T_Capsule_Left.uexp" 622
"D:/CSE_400A/prototype/Content/HandheldAR/Blueprints/UI/Icons/T_Capsule_Center.uasset" 623
"D:/CSE_400A/prototype/Content/HandheldAR/Blueprints/UI/Icons/T_Capsule_Center.uexp" 624
"D:/CSE_400A/prototype/Content/HandheldAR/Blueprints/UI/Icons/T_Icon_Info_01.uasset" 625
"D:/CSE_400A/prototype/Content/HandheldAR/Blueprints/UI/Icons/T_Icon_Info_01.uexp" 626
"D:/CSE_400A/prototype/Content/HandheldAR/Blueprints/UI/Materials/M_ButtonUI.uasset" 627
"D:/CSE_400A/prototype/Content/HandheldAR/Blueprints/UI/Materials/M_ButtonUI.uexp" 628
"D:/CSE_400A/prototype/Content/HandheldAR/Blueprints/UI/Icons/T_Icon_OFF.uasset" 629
"D:/CSE_400A/prototype/Content/HandheldAR/Blueprints/UI/Icons/T_Icon_OFF.uexp" 630
"D:/CSE_400A/prototype/Content/HandheldAR/Blueprints/UI/Icons/T_Icon_ON.uasset" 631
"D:/CSE_400A/prototype/Content/HandheldAR/Blueprints/UI/Icons/T_Icon_ON.uexp" 632
"D:/CSE_400A/prototype/Content/HandheldAR/Blueprints/UI/UI_ToggleButton.uasset" 633
"D:/CSE_400A/prototype/Content/HandheldAR/Blueprints/UI/UI_ToggleButton.uexp" 634
"../../../Engine/Content/EngineFonts/Faces/RobotoRegular.uasset" 635
"../../../Engine/Content/EngineFonts/Faces/RobotoRegular.uexp" 636
"../../../Engine/Content/EngineFonts/Faces/RobotoRegular.ufont" 637
"../../../Engine/Content/EngineFonts/Faces/RobotoLight.uasset" 638
"../../../Engine/Content/EngineFonts/Faces/RobotoLight.uexp" 639
"../../../Engine/Content/EngineFonts/Faces/RobotoLight.ufont" 640
"../../../Engine/Content/EngineFonts/Faces/RobotoItalic.uasset" 641
"../../../Engine/Content/EngineFonts/Faces/RobotoItalic.uexp" 642
"../../../Engine/Content/EngineFonts/Faces/RobotoItalic.ufont" 643
"../../../Engine/Content/EngineFonts/Faces/RobotoBoldItalic.uasset" 644
"../../../Engine/Content/EngineFonts/Faces/RobotoBoldItalic.uexp" 645
"../../../Engine/Content/EngineFonts/Faces/RobotoBoldItalic.ufont" 646
"../../../Engine/Content/EngineFonts/Faces/RobotoBold.uasset" 647
"../../../Engine/Content/EngineFonts/Faces/RobotoBold.uexp" 648
"../../../Engine/Content/EngineFonts/Faces/RobotoBold.ufont" 649
"../../../Engine/Content/EngineFonts/Faces/DroidSansFallback.uasset" 650
"../../../Engine/Content/EngineFonts/Faces/DroidSansFallback.uexp" 651
"../../../Engine/Content/EngineFonts/Faces/DroidSansFallback.ufont" 652
"../../../Engine/Content/EngineFonts/Roboto.uasset" 653
"../../../Engine/Content/EngineFonts/Roboto.uexp" 654
"D:/CSE_400A/prototype/Content/HandheldAR/Blueprints/UI/Styles/Struct_Style.uasset" 655
"D:/CSE_400A/prototype/Content/HandheldAR/Blueprints/UI/Styles/Struct_Style.uexp" 656
"D:/CSE_400A/prototype/Content/HandheldAR/Blueprints/UI/Icons/T_Icon_Right.uasset" 657
"D:/CSE_400A/prototype/Content/HandheldAR/Blueprints/UI/Icons/T_Icon_Right.uexp" 658
"D:/CSE_400A/prototype/Content/HandheldAR/Blueprints/UI/Icons/T_Icon_Left.uasset" 659
"D:/CSE_400A/prototype/Content/HandheldAR/Blueprints/UI/Icons/T_Icon_Left.uexp" 660
"D:/CSE_400A/prototype/Content/HandheldAR/Blueprints/UI/Icons/T_Icon_Close.uasset" 661
"D:/CSE_400A/prototype/Content/HandheldAR/Blueprints/UI/Icons/T_Icon_Close.uexp" 662
"D:/CSE_400A/prototype/Content/HandheldAR/Blueprints/UI/Icons/T_Icon_Snapshot_01.uasset" 663
"D:/CSE_400A/prototype/Content/HandheldAR/Blueprints/UI/Icons/T_Icon_Snapshot_01.uexp" 664
"D:/CSE_400A/prototype/Content/HandheldAR/Blueprints/UI/Icons/T_Icon_Reset_01.uasset" 665
"D:/CSE_400A/prototype/Content/HandheldAR/Blueprints/UI/Icons/T_Icon_Reset_01.uexp" 666
"D:/CSE_400A/prototype/Content/HandheldAR/Blueprints/UI/Icons/T_Icon_Options_01.uasset" 667
"D:/CSE_400A/prototype/Content/HandheldAR/Blueprints/UI/Icons/T_Icon_Options_01.uexp" 668
"D:/CSE_400A/prototype/Content/HandheldAR/Blueprints/UI/Icons/T_Icon_Snapshot_02.uasset" 669
"D:/CSE_400A/prototype/Content/HandheldAR/Blueprints/UI/Icons/T_Icon_Snapshot_02.uexp" 670
"D:/CSE_400A/prototype/Content/HandheldAR/Blueprints/UI/Icons/T_Icon_Right_02.uasset" 671
"D:/CSE_400A/prototype/Content/HandheldAR/Blueprints/UI/Icons/T_Icon_Right_02.uexp" 672
"D:/CSE_400A/prototype/Content/HandheldAR/Blueprints/UI/Icons/T_Icon_Reset_02.uasset" 673
"D:/CSE_400A/prototype/Content/HandheldAR/Blueprints/UI/Icons/T_Icon_Reset_02.uexp" 674
"D:/CSE_400A/prototype/Content/HandheldAR/Blueprints/UI/Icons/T_Icon_Options_02.uasset" 675
"D:/CSE_400A/prototype/Content/HandheldAR/Blueprints/UI/Icons/T_Icon_Options_02.uexp" 676
"D:/CSE_400A/prototype/Content/HandheldAR/Blueprints/UI/Icons/T_Icon_ON_02.uasset" 677
"D:/CSE_400A/prototype/Content/HandheldAR/Blueprints/UI/Icons/T_Icon_ON_02.uexp" 678
"D:/CSE_400A/prototype/Content/HandheldAR/Blueprints/UI/Icons/T_Icon_OFF_02.uasset" 679
"D:/CSE_400A/prototype/Content/HandheldAR/Blueprints/UI/Icons/T_Icon_OFF_02.uexp" 680
"D:/CSE_400A/prototype/Content/HandheldAR/Blueprints/UI/Icons/T_Icon_Left_02.uasset" 681
"D:/CSE_400A/prototype/Content/HandheldAR/Blueprints/UI/Icons/T_Icon_Left_02.uexp" 682
"D:/CSE_400A/prototype/Content/HandheldAR/Blueprints/UI/Icons/T_Icon_Info_02.uasset" 683
"D:/CSE_400A/prototype/Content/HandheldAR/Blueprints/UI/Icons/T_Icon_Info_02.uexp" 684
"D:/CSE_400A/prototype/Content/HandheldAR/Blueprints/UI/Icons/T_Icon_Close_02.uasset" 685
"D:/CSE_400A/prototype/Content/HandheldAR/Blueprints/UI/Icons/T_Icon_Close_02.uexp" 686
"D:/CSE_400A/prototype/Content/HandheldAR/Blueprints/UI/Icons/T_Capsule_Right_02.uasset" 687
"D:/CSE_400A/prototype/Content/HandheldAR/Blueprints/UI/Icons/T_Capsule_Right_02.uexp" 688
"D:/CSE_400A/prototype/Content/HandheldAR/Blueprints/UI/Icons/T_Capsule_Left_02.uasset" 689
"D:/CSE_400A/prototype/Content/HandheldAR/Blueprints/UI/Icons/T_Capsule_Left_02.uexp" 690
"D:/CSE_400A/prototype/Content/HandheldAR/Blueprints/UI/Icons/T_Capsule_Center_02.uasset" 691
"D:/CSE_400A/prototype/Content/HandheldAR/Blueprints/UI/Icons/T_Capsule_Center_02.uexp" 692
"D:/CSE_400A/prototype/Content/HandheldAR/Blueprints/UI/Styles/DT_Styles.uasset" 693
"D:/CSE_400A/prototype/Content/HandheldAR/Blueprints/UI/Styles/DT_Styles.uexp" 694
"D:/CSE_400A/prototype/Content/HandheldAR/Blueprints/UI/Styles/BP_StylizedUI.uasset" 695
"D:/CSE_400A/prototype/Content/HandheldAR/Blueprints/UI/Styles/BP_StylizedUI.uexp" 696
"D:/CSE_400A/prototype/Content/HandheldAR/Blueprints/UI/UI_CapsuleButton.uasset" 697
"D:/CSE_400A/prototype/Content/HandheldAR/Blueprints/UI/UI_CapsuleButton.uexp" 698
"D:/CSE_400A/prototype/Content/HandheldAR/Blueprints/UI/BP_StartMenu.uasset" 699
"D:/CSE_400A/prototype/Content/HandheldAR/Blueprints/UI/BP_StartMenu.uexp" 700
"D:/CSE_400A/prototype/Content/HandheldAR/Blueprints/UI/BP_OptionMenu.uasset" 701
"D:/CSE_400A/prototype/Content/HandheldAR/Blueprints/UI/BP_OptionMenu.uexp" 702
"D:/CSE_400A/prototype/Content/HandheldAR/Blueprints/UI/Icons/T_Icon_Swipe.uasset" 703
"D:/CSE_400A/prototype/Content/HandheldAR/Blueprints/UI/Icons/T_Icon_Swipe.uexp" 704
"D:/CSE_400A/prototype/Content/HandheldAR/Blueprints/UI/Icons/T_Icon_Pinch.uasset" 705
"D:/CSE_400A/prototype/Content/HandheldAR/Blueprints/UI/Icons/T_Icon_Pinch.uexp" 706
"D:/CSE_400A/prototype/Content/HandheldAR/Blueprints/UI/Icons/T_Icon_Grab.uasset" 707
"D:/CSE_400A/prototype/Content/HandheldAR/Blueprints/UI/Icons/T_Icon_Grab.uexp" 708
"D:/CSE_400A/prototype/Content/HandheldAR/Blueprints/UI/BP_InfoMenu.uasset" 709
"D:/CSE_400A/prototype/Content/HandheldAR/Blueprints/UI/BP_InfoMenu.uexp" 710
"D:/CSE_400A/prototype/Content/HandheldAR/Blueprints/UI/Icons/T_Icon_Circle.uasset" 711
"D:/CSE_400A/prototype/Content/HandheldAR/Blueprints/UI/Icons/T_Icon_Circle.uexp" 712
"D:/CSE_400A/prototype/Content/HandheldAR/Blueprints/UI/Icons/T_CircularMenu_Top.uasset" 713
"D:/CSE_400A/prototype/Content/HandheldAR/Blueprints/UI/Icons/T_CircularMenu_Top.uexp" 714
"D:/CSE_400A/prototype/Content/HandheldAR/Blueprints/UI/Icons/T_CircularMenu.uasset" 715
"D:/CSE_400A/prototype/Content/HandheldAR/Blueprints/UI/Icons/T_CircularMenu.uexp" 716
"D:/CSE_400A/prototype/Content/HandheldAR/Blueprints/UI/Materials/M_CircularMenuSelection.uasset" 717
"D:/CSE_400A/prototype/Content/HandheldAR/Blueprints/UI/Materials/M_CircularMenuSelection.uexp" 718
"D:/CSE_400A/prototype/Content/HandheldAR/Blueprints/UI/BP_BottomMenu.uasset" 719
"D:/CSE_400A/prototype/Content/HandheldAR/Blueprints/UI/BP_BottomMenu.uexp" 720
"D:/CSE_400A/prototype/Content/HandheldAR/Blueprints/UI/BP_MainMenu.uasset" 721
"D:/CSE_400A/prototype/Content/HandheldAR/Blueprints/UI/BP_MainMenu.uexp" 722
"D:/CSE_400A/prototype/Content/HandheldAR/Blueprints/Placeable/Textures/T_Square.uasset" 723
"D:/CSE_400A/prototype/Content/HandheldAR/Blueprints/Placeable/Textures/T_Square.uexp" 724
"D:/CSE_400A/prototype/Content/HandheldAR/Blueprints/Placeable/Textures/T_Square.ubulk" 725
"D:/CSE_400A/prototype/Content/HandheldAR/Blueprints/GameFramework/BP_ARPawn.uasset" 726
"D:/CSE_400A/prototype/Content/HandheldAR/Blueprints/GameFramework/BP_ARPawn.uexp" 727
"D:/CSE_400A/prototype/Content/HandheldAR/Blueprints/GameFramework/BP_ARPlayerController.uasset" 728
"D:/CSE_400A/prototype/Content/HandheldAR/Blueprints/GameFramework/BP_ARPlayerController.uexp" 729
"D:/CSE_400A/prototype/Content/HandheldAR/Blueprints/GameFramework/BP_ARGameMode.uasset" 730
"D:/CSE_400A/prototype/Content/HandheldAR/Blueprints/GameFramework/BP_ARGameMode.uexp" 731
"../../../Engine/Content/MapTemplates/Sky/DaylightAmbientCubemap.uasset" 732
"../../../Engine/Content/MapTemplates/Sky/DaylightAmbientCubemap.uexp" 733
"D:/CSE_400A/prototype/Content/HandheldAR/Maps/HandheldARBlankMap.uexp" 734
"D:/CSE_400A/prototype/Content/HandheldAR/Maps/HandheldARBlankMap.umap" 735
"../../../Engine/Content/Maps/Entry_BuiltData.uasset" 736
"../../../Engine/Content/Maps/Entry_BuiltData.uexp" 737
"../../../Engine/Content/Maps/Entry.uexp" 738
"../../../Engine/Content/Maps/Entry.umap" 739
